<?xml version="1.0" encoding="UTF-8"?>
<!-- Generated by org.testng.reporters.JUnitXMLReporter -->
<testsuite ignored="1" hostname="Harneets-MacBook-Pro.local" failures="0" tests="1" name="Default test" time="251.867" errors="0" timestamp="2023-08-26T15:51:34 EDT">
  <testcase classname="com.training.testng.AmazoniPhone" name="logIn" time="226.862"/>
  <testcase classname="com.training.testng.AmazoniPhone" name="waitExplicit" time="0.0">
    <ignored/>
  </testcase> <!-- waitExplicit -->
</testsuite> <!-- Default test -->
