<?xml version="1.0" encoding="UTF-8"?>
<testng-results ignored="0" total="2" passed="2" failed="0" skipped="0">
  <reporter-output>
  </reporter-output>
  <suite started-at="2024-07-17T22:34:04 EDT" name="SeleniumGridSuite" finished-at="2024-07-17T22:34:26 EDT" duration-ms="22203">
    <groups>
    </groups>
    <test started-at="2024-07-17T22:34:04 EDT" name="Test" finished-at="2024-07-17T22:34:26 EDT" duration-ms="22203">
      <class name="com.seleniumgrid.FirefoxTest">
        <test-method signature="homePageCheck()[pri:0, instance:com.seleniumgrid.FirefoxTest@66498326]" started-at="2024-07-17T22:34:04 EDT" name="homePageCheck" finished-at="2024-07-17T22:34:26 EDT" duration-ms="22166" status="PASS">
          <reporter-output>
          </reporter-output>
        </test-method> <!-- homePageCheck -->
      </class> <!-- com.seleniumgrid.FirefoxTest -->
      <class name="com.seleniumgrid.ChromeTest">
        <test-method signature="homePageCheck()[pri:0, instance:com.seleniumgrid.ChromeTest@c333c60]" started-at="2024-07-17T22:34:04 EDT" name="homePageCheck" finished-at="2024-07-17T22:34:25 EDT" duration-ms="21755" status="PASS">
          <reporter-output>
          </reporter-output>
        </test-method> <!-- homePageCheck -->
      </class> <!-- com.seleniumgrid.ChromeTest -->
    </test> <!-- Test -->
  </suite> <!-- SeleniumGridSuite -->
</testng-results>
