<?xml version="1.0" encoding="UTF-8"?>
<testng-results ignored="0" total="1" passed="1" failed="0" skipped="0">
  <reporter-output>
  </reporter-output>
  <suite started-at="2024-07-14T16:51:56 EDT" name="Default suite" finished-at="2024-07-14T16:52:04 EDT" duration-ms="8496">
    <groups>
    </groups>
    <test started-at="2024-07-14T16:51:56 EDT" name="Default test" finished-at="2024-07-14T16:52:04 EDT" duration-ms="8496">
      <class name="com.seleniumgrid.ChromeTest">
        <test-method signature="homePageCheck()[pri:0, instance:com.seleniumgrid.ChromeTest@795509d9]" started-at="2024-07-14T16:51:56 EDT" name="homePageCheck" finished-at="2024-07-14T16:52:04 EDT" duration-ms="8459" status="PASS">
          <reporter-output>
          </reporter-output>
        </test-method> <!-- homePageCheck -->
      </class> <!-- com.seleniumgrid.ChromeTest -->
    </test> <!-- Default test -->
  </suite> <!-- Default suite -->
</testng-results>
