<?xml version="1.0" encoding="UTF-8"?>
<testng-results ignored="0" total="1" passed="1" failed="0" skipped="0">
  <reporter-output>
  </reporter-output>
  <suite started-at="2024-07-18T21:58:42 EDT" name="Default suite" finished-at="2024-07-18T21:58:53 EDT" duration-ms="11014">
    <groups>
    </groups>
    <test started-at="2024-07-18T21:58:42 EDT" name="Default test" finished-at="2024-07-18T21:58:53 EDT" duration-ms="11014">
      <class name="com.seleniumgrid.FirefoxTest">
        <test-method signature="homePageCheck()[pri:0, instance:com.seleniumgrid.FirefoxTest@298a5e20]" started-at="2024-07-18T21:58:42 EDT" name="homePageCheck" finished-at="2024-07-18T21:58:53 EDT" duration-ms="10963" status="PASS">
          <reporter-output>
          </reporter-output>
        </test-method> <!-- homePageCheck -->
      </class> <!-- com.seleniumgrid.FirefoxTest -->
    </test> <!-- Default test -->
  </suite> <!-- Default suite -->
</testng-results>
